\BOOKMARK [0][-]{chapter.1}{\376\377\000S\000i\000m\000u\000l\000a\000t\000e\000u\000r\000\040\000I\000G\000O\000S\000a\000t}{}% 1
\BOOKMARK [1][-]{section.1.1}{\376\377\000I\000n\000t\000r\000o\000d\000u\000c\000t\000i\000o\000n}{chapter.1}% 2
\BOOKMARK [1][-]{section.1.2}{\376\377\000I\000n\000s\000t\000a\000l\000l\000a\000t\000i\000o\000n}{chapter.1}% 3
\BOOKMARK [2][-]{subsection.1.2.1}{\376\377\000R\000\351\000c\000u\000p\000\351\000r\000a\000t\000i\000o\000n\000\040\000d\000e\000s\000\040\000s\000o\000u\000r\000c\000e\000s}{section.1.2}% 4
\BOOKMARK [2][-]{subsection.1.2.2}{\376\377\000C\000o\000n\000f\000i\000g\000u\000r\000a\000t\000i\000o\000n}{section.1.2}% 5
\BOOKMARK [2][-]{subsection.1.2.3}{\376\377\000C\000o\000m\000p\000i\000l\000a\000t\000i\000o\000n\000\040\000d\000e\000s\000\040\000s\000o\000u\000r\000c\000e\000s}{section.1.2}% 6
\BOOKMARK [0][-]{chapter.2}{\376\377\000C\000r\000\351\000a\000t\000i\000o\000n\000\040\000M\000o\000d\000u\000l\000e}{}% 7
\BOOKMARK [0][-]{chapter.3}{\376\377\000R\000\351\000f\000\351\000r\000e\000n\000c\000e\000\040\000X\000M\000L}{}% 8
\BOOKMARK [1][-]{section.3.1}{\376\377\000C\000o\000n\000f\000i\000g\000u\000r\000a\000t\000i\000o\000n\000\040\000d\000e\000s\000\040\000m\000o\000d\000u\000l\000e\000s}{chapter.3}% 9
\BOOKMARK [2][-]{subsection.3.1.1}{\376\377\000E\000x\000e\000m\000p\000l\000e}{section.3.1}% 10
\BOOKMARK [2][-]{subsection.3.1.2}{\376\377\000N\000o\000e\000u\000d\000\040\000p\000r\000i\000n\000c\000i\000p\000a\000l\000\040\000<\000m\000o\000d\000u\000l\000e\000\040\000/\000>}{section.3.1}% 11
\BOOKMARK [2][-]{subsection.3.1.3}{\376\377\000<\000p\000a\000r\000a\000m\000e\000t\000e\000r\000s\000\040\000/\000>}{section.3.1}% 12
\BOOKMARK [2][-]{subsection.3.1.4}{\376\377\000<\000p\000a\000r\000a\000m\000e\000t\000e\000r\000\040\000/\000>}{section.3.1}% 13
\BOOKMARK [2][-]{subsection.3.1.5}{\376\377\000<\000m\000e\000s\000s\000a\000g\000e\000s\000\040\000/\000>}{section.3.1}% 14
\BOOKMARK [2][-]{subsection.3.1.6}{\376\377\000<\000m\000e\000s\000s\000a\000g\000e\000\040\000/\000>}{section.3.1}% 15
\BOOKMARK [0][-]{chapter.4}{\376\377\000L\000i\000s\000t\000e\000\040\000d\000e\000s\000\040\000c\000h\000o\000s\000e\000s\000\040\000\340\000\040\000f\000a\000i\000r\000e}{}% 16
\BOOKMARK [0][-]{chapter.5}{\376\377\000I\000n\000d\000e\000x\000\040\000d\000e\000s\000\040\000c\000l\000a\000s\000s\000e\000s}{}% 17
\BOOKMARK [1][-]{section.5.1}{\376\377\000H\000i\000\351\000r\000a\000r\000c\000h\000i\000e\000\040\000d\000e\000s\000\040\000c\000l\000a\000s\000s\000e\000s}{chapter.5}% 18
\BOOKMARK [0][-]{chapter.6}{\376\377\000I\000n\000d\000e\000x\000\040\000d\000e\000s\000\040\000c\000l\000a\000s\000s\000e\000s}{}% 19
\BOOKMARK [1][-]{section.6.1}{\376\377\000L\000i\000s\000t\000e\000\040\000d\000e\000s\000\040\000c\000l\000a\000s\000s\000e\000s}{chapter.6}% 20
\BOOKMARK [0][-]{chapter.7}{\376\377\000D\000o\000c\000u\000m\000e\000n\000t\000a\000t\000i\000o\000n\000\040\000d\000e\000s\000\040\000c\000l\000a\000s\000s\000e\000s}{}% 21
\BOOKMARK [1][-]{section.7.1}{\376\377\000R\000\351\000f\000\351\000r\000e\000n\000c\000e\000\040\000d\000e\000\040\000l\000a\000\040\000c\000l\000a\000s\000s\000e\000\040\000B\000a\000t\000t\000e\000r\000y}{chapter.7}% 22
\BOOKMARK [1][-]{section.7.2}{\376\377\000R\000\351\000f\000\351\000r\000e\000n\000c\000e\000\040\000d\000e\000\040\000l\000a\000\040\000c\000l\000a\000s\000s\000e\000\040\000B\000a\000t\000t\000e\000r\000y\000C\000o\000n\000t\000r\000o\000l\000l\000e\000r}{chapter.7}% 23
\BOOKMARK [1][-]{section.7.3}{\376\377\000R\000\351\000f\000\351\000r\000e\000n\000c\000e\000\040\000d\000e\000\040\000l\000a\000\040\000c\000l\000a\000s\000s\000e\000\040\000B\000a\000t\000t\000e\000r\000y\000M\000o\000d\000u\000l\000e}{chapter.7}% 24
\BOOKMARK [2][-]{subsection.7.3.1}{\376\377\000D\000e\000s\000c\000r\000i\000p\000t\000i\000o\000n\000\040\000d\000\351\000t\000a\000i\000l\000l\000\351\000e}{section.7.3}% 25
\BOOKMARK [2][-]{subsection.7.3.2}{\376\377\000D\000o\000c\000u\000m\000e\000n\000t\000a\000t\000i\000o\000n\000\040\000d\000e\000s\0